<?xml version="1.0" encoding="UTF-8"?>
<testsuite name="org.example.ReaderTest" tests="6" skipped="0" failures="0" errors="0" timestamp="2024-04-29T13:59:30" hostname="LAPTOP-6UABQ0S4" time="238.713">
  <properties/>
  <testcase name="test_mult()" classname="org.example.ReaderTest" time="0.025"/>
  <testcase name="test_time()" classname="org.example.ReaderTest" time="238.668"/>
  <testcase name="test_max()" classname="org.example.ReaderTest" time="0.003"/>
  <testcase name="test_min()" classname="org.example.ReaderTest" time="0.003"/>
  <testcase name="test_sum()" classname="org.example.ReaderTest" time="0.003"/>
  <testcase name="read_test_file()" classname="org.example.ReaderTest" time="0.002"/>
  <system-out><![CDATA[17 1000
23 2000
21 3000
17 4000
15 5000
20 6000
24 7000
36 8000
48 9000
51 10000
66 11000
67 12000
76 13000
96 14000
96 15000
131 16000
152 17000
140 18000
149 19000
159 20000
165 21000
187 22000
200 23000
256 24000
270 25000
262 26000
269 27000
354 28000
380 29000
447 30000
405 31000
444 32000
470 33000
425 34000
512 35000
579 36000
536 37000
695 38000
728 39000
656 40000
666 41000
659 42000
713 43000
788 44000
824 45000
1109 46000
971 47000
1055 48000
928 49000
1022 50000
978 51000
1166 52000
1176 53000
1146 54000
1233 55000
1172 56000
1443 57000
1441 58000
1255 59000
1583 60000
1637 61000
1574 62000
1739 63000
1567 64000
1834 65000
1701 66000
1991 67000
1854 68000
1912 69000
2230 70000
2320 71000
4385 72000
4647 73000
4938 74000
5097 75000
5113 76000
4572 77000
5195 78000
5952 79000
5741 80000
6137 81000
6128 82000
6322 83000
6311 84000
6806 85000
6289 86000
5724 87000
3748 88000
7308 89000
7355 90000
7367 91000
7808 92000
7830 93000
8003 94000
8192 95000
8515 96000
8525 97000
8447 98000
3931 99000
4084 100000
]]></system-out>
  <system-err><![CDATA[]]></system-err>
</testsuite>
